2026-01-28 18:23:05 +0000 - dagster - DEBUG - ingestion - f5587a87-f309-4d1d-8bc9-3d9ac1e03bbf - 665 - LOGS_CAPTURED - Started capturing logs in process (pid: 665).
2026-01-28 18:23:05 +0000 - dagster - DEBUG - ingestion - f5587a87-f309-4d1d-8bc9-3d9ac1e03bbf - 665 - ingested_entry_file - STEP_START - Started execution of step "ingested_entry_file".
Ivy Default Cache set to: /root/.ivy2/cache
The jars for the packages stored in: /root/.ivy2/jars
io.delta#delta-spark_2.12 added as a dependency
:: resolving dependencies :: org.apache.spark#spark-submit-parent-7295b3b5-70cd-4cb3-a109-cd4e20d348de;1.0
	confs: [default]
	found io.delta#delta-spark_2.12;3.2.1 in central
	found io.delta#delta-storage;3.2.1 in central
	found org.antlr#antlr4-runtime;4.9.3 in central
downloading https://repo1.maven.org/maven2/io/delta/delta-spark_2.12/3.2.1/delta-spark_2.12-3.2.1.jar ...
	[SUCCESSFUL ] io.delta#delta-spark_2.12;3.2.1!delta-spark_2.12.jar (166ms)
downloading https://repo1.maven.org/maven2/io/delta/delta-storage/3.2.1/delta-storage-3.2.1.jar ...
	[SUCCESSFUL ] io.delta#delta-storage;3.2.1!delta-storage.jar (75ms)
downloading https://repo1.maven.org/maven2/org/antlr/antlr4-runtime/4.9.3/antlr4-runtime-4.9.3.jar ...
	[SUCCESSFUL ] org.antlr#antlr4-runtime;4.9.3!antlr4-runtime.jar (36ms)
:: resolution report :: resolve 1478ms :: artifacts dl 279ms
	:: modules in use:
	io.delta#delta-spark_2.12;3.2.1 from central in [default]
	io.delta#delta-storage;3.2.1 from central in [default]
	org.antlr#antlr4-runtime;4.9.3 from central in [default]
	---------------------------------------------------------------------
	|                  |            modules            ||   artifacts   |
	|       conf       | number| search|dwnlded|evicted|| number|dwnlded|
	---------------------------------------------------------------------
	|      default     |   3   |   3   |   3   |   0   ||   3   |   3   |
	---------------------------------------------------------------------
:: retrieving :: org.apache.spark#spark-submit-parent-7295b3b5-70cd-4cb3-a109-cd4e20d348de
	confs: [default]
	3 artifacts copied, 0 already retrieved (6332kB/7ms)
26/01/28 18:23:08 WARN NativeCodeLoader: Unable to load native-hadoop library for your platform... using builtin-java classes where applicable
Setting default log level to "WARN".
To adjust logging level use sc.setLogLevel(newLevel). For SparkR, use setLogLevel(newLevel).
[Stage 0:>                                                        (0 + 16) / 16][Stage 0:=====================================================>   (15 + 1) / 16]                                                                                [Stage 1:>                                                        (0 + 16) / 16]----------------------------------------
Exception occurred during processing of request from ('127.0.0.1', 42728)
Traceback (most recent call last):
  File "/usr/local/lib/python3.12/socketserver.py", line 318, in _handle_request_noblock
    self.process_request(request, client_address)
  File "/usr/local/lib/python3.12/socketserver.py", line 349, in process_request
    self.finish_request(request, client_address)
  File "/usr/local/lib/python3.12/socketserver.py", line 362, in finish_request
    self.RequestHandlerClass(request, client_address, self)
  File "/usr/local/lib/python3.12/socketserver.py", line 766, in __init__
    self.handle()
  File "/usr/local/lib/python3.12/site-packages/pyspark/accumulators.py", line 295, in handle
    poll(accum_updates)
  File "/usr/local/lib/python3.12/site-packages/pyspark/accumulators.py", line 267, in poll
    if self.rfile in r and func():
                           ^^^^^^
  File "/usr/local/lib/python3.12/site-packages/pyspark/accumulators.py", line 271, in accum_updates
    num_updates = read_int(self.rfile)
                  ^^^^^^^^^^^^^^^^^^^^
  File "/usr/local/lib/python3.12/site-packages/pyspark/serializers.py", line 596, in read_int
    raise EOFError
EOFError
----------------------------------------
ERROR:root:Exception while sending command.
Traceback (most recent call last):
  File "/usr/local/lib/python3.12/site-packages/py4j/clientserver.py", line 516, in send_command
    raise Py4JNetworkError("Answer from Java side is empty")
py4j.protocol.Py4JNetworkError: Answer from Java side is empty

During handling of the above exception, another exception occurred:

Traceback (most recent call last):
  File "/usr/local/lib/python3.12/site-packages/py4j/java_gateway.py", line 1038, in send_command
    response = connection.send_command(command)
               ^^^^^^^^^^^^^^^^^^^^^^^^^^^^^^^^
  File "/usr/local/lib/python3.12/site-packages/py4j/clientserver.py", line 539, in send_command
    raise Py4JNetworkError(
py4j.protocol.Py4JNetworkError: Error while sending or receiving
2026-01-28 18:23:28 +0000 - dagster - ERROR - ingestion - f5587a87-f309-4d1d-8bc9-3d9ac1e03bbf - 665 - ingested_entry_file - STEP_FAILURE - Execution of step "ingested_entry_file" failed.

dagster._core.errors.DagsterExecutionStepExecutionError: Error occurred while executing op "ingested_entry_file"::

py4j.protocol.Py4JError: An error occurred while calling o90.save

Stack Trace:
  File "/usr/local/lib/python3.12/site-packages/dagster/_core/execution/plan/utils.py", line 57, in op_execution_error_boundary
    yield
  File "/usr/local/lib/python3.12/site-packages/dagster/_utils/__init__.py", line 394, in iterate_with_context
    next_output = next(iterator)
                  ^^^^^^^^^^^^^^
  File "/usr/local/lib/python3.12/site-packages/dagster/_core/execution/plan/compute_generator.py", line 135, in _coerce_op_compute_fn_to_iterator
    result = invoke_compute_fn(
             ^^^^^^^^^^^^^^^^^^
  File "/usr/local/lib/python3.12/site-packages/dagster/_core/execution/plan/compute_generator.py", line 115, in invoke_compute_fn
    return fn(context, **args_to_pass) if context_arg_provided else fn(**args_to_pass)
           ^^^^^^^^^^^^^^^^^^^^^^^^^^^
  File "/usr/local/lib/python3.12/site-packages/dagster_portada_project/assets/boat_fact_ingestion_assets.py", line 17, in ingested_entry_file
    data, dest_path = layer.copy_ingested_raw_data(local_path=local_path, return_dest_path=True, user=user)
                      ^^^^^^^^^^^^^^^^^^^^^^^^^^^^^^^^^^^^^^^^^^^^^^^^^^^^^^^^^^^^^^^^^^^^^^^^^^^^^^^^^^^^^
  File "/usr/local/lib/python3.12/site-packages/portada_data_layer/portada_ingestion.py", line 520, in copy_ingested_raw_data
    return super().copy_ingested_raw_data(self.__container_path, user, local_path=local_path,
           ^^^^^^^^^^^^^^^^^^^^^^^^^^^^^^^^^^^^^^^^^^^^^^^^^^^^^^^^^^^^^^^^^^^^^^^^^^^^^^^^^^
  File "/usr/local/lib/python3.12/site-packages/portada_data_layer/data_lake_metadata_manager.py", line 424, in wrapper
    return __is_data_transformer(func, "self", dataframe_key, description, *args, **kwargs)
           ^^^^^^^^^^^^^^^^^^^^^^^^^^^^^^^^^^^^^^^^^^^^^^^^^^^^^^^^^^^^^^^^^^^^^^^^^^^^^^^^
  File "/usr/local/lib/python3.12/site-packages/portada_data_layer/data_lake_metadata_manager.py", line 191, in __is_data_transformer
    metadata_manager.log_process(
  File "/usr/local/lib/python3.12/site-packages/portada_data_layer/data_lake_metadata_manager.py", line 622, in log_process
    self._write_log([entry], "process_log", schema=schema, partitionBy=["process"])
  File "/usr/local/lib/python3.12/site-packages/portada_data_layer/data_lake_metadata_manager.py", line 796, in _write_log
    df.write.partitionBy(*partitionBy).mode("append").format(self.format).save(target_path)
  File "/usr/local/lib/python3.12/site-packages/pyspark/sql/readwriter.py", line 1463, in save
    self._jwrite.save(path)
  File "/usr/local/lib/python3.12/site-packages/py4j/java_gateway.py", line 1322, in __call__
    return_value = get_return_value(
                   ^^^^^^^^^^^^^^^^^
  File "/usr/local/lib/python3.12/site-packages/pyspark/errors/exceptions/captured.py", line 179, in deco
    return f(*a, **kw)
           ^^^^^^^^^^^
  File "/usr/local/lib/python3.12/site-packages/py4j/protocol.py", line 334, in get_return_value
    raise Py4JError(

